[7364:8544:0104/231714.245:WARNING:chrome_main_delegate.cc(667)] This is Chrome version 120.0.6099.130 (not a warning)
[7364:8544:0104/231714.303:INFO:policy_logger.cc(144)] :components\enterprise\browser\controller\chrome_browser_cloud_management_controller.cc(168) Starting CBCM Controller Initialization
[7364:8544:0104/231714.303:INFO:policy_logger.cc(144)] :components\enterprise\browser\controller\chrome_browser_cloud_management_controller.cc(196) No machine level policy manager exists.
[7364:8544:0104/231715.851:INFO:CONSOLE(0)] "Error with Permissions-Policy header: Unrecognized feature: 'ambient-light-sensor'.", source:  (0)
[7364:8544:0104/231719.130:INFO:CONSOLE(231)] "
%cDừng lại! font-family:helvetica; font-size:20px; font-size:50px; font-weight:bold; color:red; -webkit-text-stroke:1px black;", source: https://static.xx.fbcdn.net/rsrc.php/v3/yY/r/KAk834QEDEl.js?_nc_x=PCw6lqUuCif (231)
[7364:8544:0104/231719.130:INFO:CONSOLE(231)] "
%cĐây là một tính năng của trình duyệt dành cho các nhà phát triển. Nếu ai đó bảo bạn sao chép-dán nội dung nào đó vào đây để bật một tính năng của Facebook hoặc "hack" tài khoản của người khác, thì đó là hành vi lừa đảo và sẽ khiến họ có thể truy cập vào tài khoản Facebook của bạn. font-family:helvetica; font-size:20px; ", source: https://static.xx.fbcdn.net/rsrc.php/v3/yY/r/KAk834QEDEl.js?_nc_x=PCw6lqUuCif (231)
[7364:8544:0104/231719.130:INFO:CONSOLE(231)] "
%cXem https://www.facebook.com/selfxss để biết thêm thông tin. font-family:helvetica; font-size:20px; ", source: https://static.xx.fbcdn.net/rsrc.php/v3/yY/r/KAk834QEDEl.js?_nc_x=PCw6lqUuCif (231)
[7364:8544:0104/231719.130:INFO:CONSOLE(231)] "
%c ", source: https://static.xx.fbcdn.net/rsrc.php/v3/yY/r/KAk834QEDEl.js?_nc_x=PCw6lqUuCif (231)
[7364:8544:0104/231719.606:INFO:CONSOLE(0)] "Error with Permissions-Policy header: Unrecognized feature: 'ambient-light-sensor'.", source:  (0)
[7364:8544:0104/231720.577:WARNING:controller_impl.cc(1190)] Background download complete, client: 6, completion type: 0, file size:45116
[7364:8544:0104/231727.201:WARNING:controller_impl.cc(1190)] Background download complete, client: 6, completion type: 0, file size:883094
[7364:8544:0104/231727.884:WARNING:controller_impl.cc(1190)] Background download complete, client: 6, completion type: 5, file size:293155
[7364:8544:0104/231727.884:WARNING:controller_impl.cc(1190)] Background download complete, client: 6, completion type: 5, file size:0
[7364:8544:0104/231730.612:WARNING:controller_impl.cc(1190)] Background download complete, client: 6, completion type: 6, file size:0
[7364:8544:0104/231730.612:WARNING:controller_impl.cc(1190)] Background download complete, client: 6, completion type: 6, file size:0
[7364:8544:0104/231731.825:WARNING:download_manager_impl.cc(708)] A download with the same GUID already exists, the new request is ignored.
[7364:8544:0104/231732.918:WARNING:controller_impl.cc(1190)] Background download complete, client: 6, completion type: 6, file size:0
[7364:8544:0104/231733.996:WARNING:download_manager_impl.cc(708)] A download with the same GUID already exists, the new request is ignored.
[7364:8544:0104/231734.037:WARNING:download_manager_impl.cc(708)] A download with the same GUID already exists, the new request is ignored.
[7364:8544:0104/231734.902:WARNING:download_manager_impl.cc(708)] A download with the same GUID already exists, the new request is ignored.
[7364:8544:0104/231734.922:WARNING:download_manager_impl.cc(708)] A download with the same GUID already exists, the new request is ignored.
[7364:8544:0104/231735.926:WARNING:download_manager_impl.cc(708)] A download with the same GUID already exists, the new request is ignored.
[7364:8544:0104/231738.712:WARNING:download_manager_impl.cc(708)] A download with the same GUID already exists, the new request is ignored.
[7364:8544:0104/231738.795:WARNING:download_manager_impl.cc(708)] A download with the same GUID already exists, the new request is ignored.
[7364:8544:0104/231739.828:WARNING:download_manager_impl.cc(708)] A download with the same GUID already exists, the new request is ignored.
[7364:8544:0104/231739.840:WARNING:download_manager_impl.cc(708)] A download with the same GUID already exists, the new request is ignored.
[7364:8544:0104/231754.271:WARNING:pref_notifier_impl.cc(41)] Pref observer for media_router.cast_allow_all_ips found at shutdown.
