[11868:10272:1229/175659.387:WARNING:chrome_main_delegate.cc(667)] This is Chrome version 120.0.6099.130 (not a warning)
[11868:10272:1229/175659.481:INFO:policy_logger.cc(144)] :components\enterprise\browser\controller\chrome_browser_cloud_management_controller.cc(168) Starting CBCM Controller Initialization
[11868:10272:1229/175659.481:INFO:policy_logger.cc(144)] :components\enterprise\browser\controller\chrome_browser_cloud_management_controller.cc(196) No machine level policy manager exists.
[11868:10272:1229/175712.588:INFO:CONSOLE(0)] "Error with Permissions-Policy header: Unrecognized feature: 'ambient-light-sensor'.", source:  (0)
[11868:10272:1229/175712.947:INFO:CONSOLE(0)] "[DOM] Input elements should have autocomplete attributes (suggested: "current-password"): (More info: https://goo.gl/9p2vKq) %o", source: https://www.facebook.com/ (0)
[11868:10272:1229/175713.144:INFO:CONSOLE(0)] "
%cStop! font-family:helvetica; font-size:20px; font-size:50px; font-weight:bold; color:red; -webkit-text-stroke:1px black;", source:  (0)
[11868:10272:1229/175713.144:INFO:CONSOLE(0)] "
%cThis is a browser feature intended for developers. If someone told you to copy and paste something here to enable a Facebook feature or "hack" someone's account, it is a scam and will give them access to your Facebook account. font-family:helvetica; font-size:20px; ", source:  (0)
[11868:10272:1229/175713.144:INFO:CONSOLE(0)] "
%cSee https://www.facebook.com/selfxss for more information. font-family:helvetica; font-size:20px; ", source:  (0)
[11868:10272:1229/175713.144:INFO:CONSOLE(0)] "
%c ", source:  (0)
[11868:10272:1229/175715.001:WARNING:controller_impl.cc(1190)] Background download complete, client: 6, completion type: 0, file size:265059
[11868:10272:1229/175716.285:WARNING:controller_impl.cc(1190)] Background download complete, client: 6, completion type: 0, file size:5087
[11868:10272:1229/175717.608:WARNING:controller_impl.cc(1190)] Background download complete, client: 6, completion type: 0, file size:883094
[11868:10272:1229/175718.533:WARNING:controller_impl.cc(1190)] Background download complete, client: 6, completion type: 0, file size:45116
[11868:10272:1229/175720.632:WARNING:controller_impl.cc(1190)] Background download complete, client: 6, completion type: 0, file size:2746900
[11868:10272:1229/175720.699:WARNING:controller_impl.cc(1190)] Background download complete, client: 6, completion type: 0, file size:33994661
[11868:10272:1229/175721.855:INFO:CONSOLE(0)] "Error with Permissions-Policy header: Unrecognized feature: 'ambient-light-sensor'.", source:  (0)
[11868:10272:1229/175722.233:INFO:CONSOLE(0)] "
%cDừng lại! font-family:helvetica; font-size:20px; font-size:50px; font-weight:bold; color:red; -webkit-text-stroke:1px black;", source:  (0)
[11868:10272:1229/175722.233:INFO:CONSOLE(0)] "
%cĐây là một tính năng của trình duyệt dành cho các nhà phát triển. Nếu ai đó bảo bạn sao chép-dán nội dung nào đó vào đây để bật một tính năng của Facebook hoặc "hack" tài khoản của người khác, thì đó là hành vi lừa đảo và sẽ khiến họ có thể truy cập vào tài khoản Facebook của bạn. font-family:helvetica; font-size:20px; ", source:  (0)
[11868:10272:1229/175722.233:INFO:CONSOLE(0)] "
%cXem https://www.facebook.com/selfxss để biết thêm thông tin. font-family:helvetica; font-size:20px; ", source:  (0)
[11868:10272:1229/175722.233:INFO:CONSOLE(0)] "
%c ", source:  (0)
[11868:10272:1229/175723.199:WARNING:controller_impl.cc(1190)] Background download complete, client: 6, completion type: 0, file size:3844
[11868:10272:1229/175724.353:INFO:CONSOLE(0)] "Error with Permissions-Policy header: Unrecognized feature: 'ambient-light-sensor'.", source:  (0)
[11868:10272:1229/175724.434:INFO:CONSOLE(0)] "
%cDừng lại! font-family:helvetica; font-size:20px; font-size:50px; font-weight:bold; color:red; -webkit-text-stroke:1px black;", source:  (0)
[11868:10272:1229/175724.434:INFO:CONSOLE(0)] "
%cĐây là một tính năng của trình duyệt dành cho các nhà phát triển. Nếu ai đó bảo bạn sao chép-dán nội dung nào đó vào đây để bật một tính năng của Facebook hoặc "hack" tài khoản của người khác, thì đó là hành vi lừa đảo và sẽ khiến họ có thể truy cập vào tài khoản Facebook của bạn. font-family:helvetica; font-size:20px; ", source:  (0)
[11868:10272:1229/175724.434:INFO:CONSOLE(0)] "
%cXem https://www.facebook.com/selfxss để biết thêm thông tin. font-family:helvetica; font-size:20px; ", source:  (0)
[11868:10272:1229/175724.434:INFO:CONSOLE(0)] "
%c ", source:  (0)
[11868:10272:1229/175727.492:INFO:CONSOLE(0)] "Error with Permissions-Policy header: Unrecognized feature: 'ambient-light-sensor'.", source:  (0)
[11868:10272:1229/175730.100:INFO:CONSOLE(231)] "
%cDừng lại! font-family:helvetica; font-size:20px; font-size:50px; font-weight:bold; color:red; -webkit-text-stroke:1px black;", source: https://static.xx.fbcdn.net/rsrc.php/v3/ya/r/JcZfFI94ia7.js?_nc_x=ue_tfiBqZhQ (231)
[11868:10272:1229/175730.100:INFO:CONSOLE(231)] "
%cĐây là một tính năng của trình duyệt dành cho các nhà phát triển. Nếu ai đó bảo bạn sao chép-dán nội dung nào đó vào đây để bật một tính năng của Facebook hoặc "hack" tài khoản của người khác, thì đó là hành vi lừa đảo và sẽ khiến họ có thể truy cập vào tài khoản Facebook của bạn. font-family:helvetica; font-size:20px; ", source: https://static.xx.fbcdn.net/rsrc.php/v3/ya/r/JcZfFI94ia7.js?_nc_x=ue_tfiBqZhQ (231)
[11868:10272:1229/175730.100:INFO:CONSOLE(231)] "
%cXem https://www.facebook.com/selfxss để biết thêm thông tin. font-family:helvetica; font-size:20px; ", source: https://static.xx.fbcdn.net/rsrc.php/v3/ya/r/JcZfFI94ia7.js?_nc_x=ue_tfiBqZhQ (231)
[11868:10272:1229/175730.100:INFO:CONSOLE(231)] "
%c ", source: https://static.xx.fbcdn.net/rsrc.php/v3/ya/r/JcZfFI94ia7.js?_nc_x=ue_tfiBqZhQ (231)
[11868:10272:1229/175730.352:INFO:CONSOLE(0)] "Error with Permissions-Policy header: Unrecognized feature: 'ambient-light-sensor'.", source:  (0)
[11868:10272:1229/175731.114:WARNING:pref_notifier_impl.cc(41)] Pref observer for media_router.cast_allow_all_ips found at shutdown.
